<?xml version="1.0" encoding="UTF-8"?>
<!-- Generated by org.testng.reporters.JUnitReportReporter -->
<testsuite hostname="INPUNAKBHATT" failures="0" tests="2" name="Demo.WebAuto.SignUpPageTest" time="0.959" errors="0" timestamp="2024-04-23T13:05:01 IST" skipped="0">
  <testcase classname="Demo.WebAuto.SignUpPageTest" name="openURL" time="0.405"/>
  <system-out/>
  <testcase classname="Demo.WebAuto.SignUpPageTest" name="verifyLogin" time="0.554"/>
  <system-out/>
</testsuite> <!-- Demo.WebAuto.SignUpPageTest -->
