<?xml version="1.0" encoding="UTF-8"?>
<!-- Generated by org.testng.reporters.JUnitReportReporter -->
<testsuite hostname="INPUNSHAGANDHI" failures="0" tests="2" name="TestCases.SignUpPageTest" time="9.652" errors="0" timestamp="2024-05-02T19:29:43 IST" skipped="0">
  <testcase classname="TestCases.SignUpPageTest" name="verifyButtonPresent" time="3.874"/>
  <system-out/>
  <testcase classname="TestCases.SignUpPageTest" name="verifySignUp" time="5.778"/>
  <system-out/>
</testsuite> <!-- TestCases.SignUpPageTest -->
