<?xml version="1.0" encoding="UTF-8"?>
<!-- Generated by org.testng.reporters.JUnitReportReporter -->
<testsuite hostname="INPUNSHAGANDHI" failures="0" tests="3" name="TestCases.LoginPageTest" time="14.701" errors="0" timestamp="2024-05-02T18:26:19 IST" skipped="0">
  <testcase classname="TestCases.LoginPageTest" name="verifySignUpLoginLink" time="4.090"/>
  <system-out/>
  <testcase classname="TestCases.LoginPageTest" name="verifyLoginButton" time="5.192"/>
  <system-out/>
  <testcase classname="TestCases.LoginPageTest" name="verifyLogin" time="5.419"/>
  <system-out/>
</testsuite> <!-- TestCases.LoginPageTest -->
