<?xml version="1.0" encoding="UTF-8"?>
<!-- Generated by org.testng.reporters.JUnitReportReporter -->
<testsuite hostname="INPUNAKBHATT" failures="0" tests="1" name="Demo.WebAuto.LoginPage" time="0.425" errors="0" timestamp="2024-04-23T11:13:39 IST" skipped="0">
  <testcase classname="Demo.WebAuto.LoginPage" name="openURL" time="0.425"/>
  <system-out/>
</testsuite> <!-- Demo.WebAuto.LoginPage -->
