<?xml version="1.0" encoding="UTF-8"?>
<!-- Generated by org.testng.reporters.JUnitReportReporter -->
<testsuite hostname="INPUNSHAGANDHI" failures="0" tests="1" name="TestCases.LogoutTest" time="16.060" errors="0" timestamp="2024-05-02T15:24:11 IST" skipped="0">
  <testcase classname="TestCases.LogoutTest" name="verifyUserLogout" time="16.060"/>
  <system-out/>
</testsuite> <!-- TestCases.LogoutTest -->
