<?xml version="1.0" encoding="UTF-8"?>
<!-- Generated by org.testng.reporters.JUnitReportReporter -->
<testsuite hostname="INPUNSHAGANDHI" failures="0" tests="1" name="TestCases.LogoutTest" time="15.140" errors="0" timestamp="2024-05-02T15:38:09 IST" skipped="0">
  <testcase classname="TestCases.LogoutTest" name="verifyUserLogout" time="15.140"/>
  <system-out/>
</testsuite> <!-- TestCases.LogoutTest -->
